<?xml version="1.0" encoding="UTF-8"?>
<!-- Generated by org.testng.reporters.JUnitXMLReporter -->
<testsuite ignored="2" hostname="DESKTOP-UVQNT7S" failures="1" tests="3" name="Launch Browser Test" time="13.195" errors="0" timestamp="2021-08-27T09:57:49 IST">
  <testcase classname="com.Levi.Test.LaunchBrowser" name="launchBrowserTest" time="2.935"/>
  <testcase classname="com.Levi.Test.LocationSelection" name="selectLocation" time="6.274"/>
  <testcase classname="com.Levi.Test.ZaHomeTest" name="ZaHomeTestMethod" time="3.944">
    <failure type="java.util.ConcurrentModificationException">
      <![CDATA[java.util.ConcurrentModificationException
at java.base/java.util.LinkedHashMap$LinkedHashIterator.nextNode(LinkedHashMap.java:758)
at java.base/java.util.LinkedHashMap$LinkedKeyIterator.next(LinkedHashMap.java:780)
at com.Levi.Test.ZaHomeTest.ZaHomeTestMethod(ZaHomeTest.java:60)
at java.base/java.util.ArrayList.forEach(ArrayList.java:1511)
... Removed 27 stack frames]]>
    </failure>
  </testcase> <!-- ZaHomeTestMethod -->
  <testcase classname="com.Levi.Utilities.CommonUtilsLevi" name="@BeforeSuite launchBrowser" time="0.0">
    <ignored/>
  </testcase> <!-- @BeforeSuite launchBrowser -->
  <testcase classname="com.Levi.Utilities.CommonUtilsLevi" name="@BeforeSuite launchBrowser" time="0.0">
    <ignored/>
  </testcase> <!-- @BeforeSuite launchBrowser -->
</testsuite> <!-- Launch Browser Test -->
