<?xml version="1.0" encoding="UTF-8"?>
<!-- Generated by org.testng.reporters.JUnitXMLReporter -->
<testsuite ignored="2" hostname="DESKTOP-UVQNT7S" failures="0" tests="3" name="Launch Browser Test" time="14.043" errors="0" timestamp="2021-08-25T22:33:51 IST">
  <testcase classname="com.Levi.Test.LaunchBrowser" name="launchBrowserTest" time="4.527"/>
  <testcase classname="com.Levi.Test.LocationSelection" name="selectLocation" time="6.498"/>
  <testcase classname="com.Levi.Test.ZaHomeTest" name="ZaHomeTestMethod" time="2.978"/>
  <testcase classname="com.Levi.Utilities.CommonUtilsLevi" name="@BeforeSuite launchBrowser" time="0.0">
    <ignored/>
  </testcase> <!-- @BeforeSuite launchBrowser -->
  <testcase classname="com.Levi.Utilities.CommonUtilsLevi" name="@BeforeSuite launchBrowser" time="0.0">
    <ignored/>
  </testcase> <!-- @BeforeSuite launchBrowser -->
</testsuite> <!-- Launch Browser Test -->
