<?xml version="1.0" encoding="UTF-8"?>
<testng-results ignored="0" total="3" passed="3" failed="0" skipped="0">
  <reporter-output>
  </reporter-output>
  <suite started-at="2021-09-14T13:19:19 IST" name="Default suite" finished-at="2021-09-14T13:19:54 IST" duration-ms="34182">
    <groups>
    </groups>
    <test started-at="2021-09-14T13:19:19 IST" name="Default test" finished-at="2021-09-14T13:19:54 IST" duration-ms="34182">
      <class name="com.Levi.Test.KidsTestData">
        <test-method is-config="true" signature="launchBrowser()[pri:0, instance:com.Levi.Test.KidsTestData@5fdcaa40]" started-at="2021-09-14T13:19:18 IST" name="launchBrowser" finished-at="2021-09-14T13:19:19 IST" duration-ms="1779" status="PASS">
          <reporter-output>
          </reporter-output>
        </test-method> <!-- launchBrowser -->
        <test-method signature="newTest(java.lang.String,java.lang.String)[pri:0, instance:com.Levi.Test.KidsTestData@5fdcaa40]" started-at="2021-09-14T13:19:20 IST" name="newTest" data-provider="dataToTest" finished-at="2021-09-14T13:19:42 IST" duration-ms="21971" status="PASS">
          <params>
            <param index="0">
              <value>
                <![CDATA[10yrs]]>
              </value>
            </param>
            <param index="1">
              <value>
                <![CDATA[512]]>
              </value>
            </param>
          </params>
          <reporter-output>
          </reporter-output>
        </test-method> <!-- newTest -->
        <test-method signature="newTest(java.lang.String,java.lang.String)[pri:0, instance:com.Levi.Test.KidsTestData@5fdcaa40]" started-at="2021-09-14T13:19:42 IST" name="newTest" data-provider="dataToTest" finished-at="2021-09-14T13:19:48 IST" duration-ms="6120" status="PASS">
          <params>
            <param index="0">
              <value>
                <![CDATA[3-4 yrs]]>
              </value>
            </param>
            <param index="1">
              <value>
                <![CDATA[511]]>
              </value>
            </param>
          </params>
          <reporter-output>
          </reporter-output>
        </test-method> <!-- newTest -->
        <test-method signature="newTest(java.lang.String,java.lang.String)[pri:0, instance:com.Levi.Test.KidsTestData@5fdcaa40]" started-at="2021-09-14T13:19:48 IST" name="newTest" data-provider="dataToTest" finished-at="2021-09-14T13:19:54 IST" duration-ms="5953" status="PASS">
          <params>
            <param index="0">
              <value>
                <![CDATA[4-5yrs]]>
              </value>
            </param>
            <param index="1">
              <value>
                <![CDATA[511]]>
              </value>
            </param>
          </params>
          <reporter-output>
          </reporter-output>
        </test-method> <!-- newTest -->
        <test-method is-config="true" signature="closeBrowser()[pri:0, instance:com.Levi.Test.KidsTestData@5fdcaa40]" started-at="2021-09-14T13:19:54 IST" name="closeBrowser" finished-at="2021-09-14T13:19:54 IST" duration-ms="418" status="PASS">
          <reporter-output>
          </reporter-output>
        </test-method> <!-- closeBrowser -->
      </class> <!-- com.Levi.Test.KidsTestData -->
    </test> <!-- Default test -->
  </suite> <!-- Default suite -->
</testng-results>
