<?xml version="1.0" encoding="UTF-8"?>
<testng-results ignored="2" total="5" passed="3" failed="0" skipped="0">
  <reporter-output>
  </reporter-output>
  <suite started-at="2021-08-25T12:34:36 IST" name="Levi Suite" finished-at="2021-08-25T12:34:46 IST" duration-ms="9190">
    <groups>
    </groups>
    <test started-at="2021-08-25T12:34:36 IST" name="Launch Browser Test" finished-at="2021-08-25T12:34:46 IST" duration-ms="9190">
      <class name="com.Levi.Test.ZaHomeTest">
        <test-method signature="ZaHomeTestMethod()[pri:0, instance:com.Levi.Test.ZaHomeTest@1ab3a8c8]" started-at="2021-08-25T12:34:43 IST" name="ZaHomeTestMethod" finished-at="2021-08-25T12:34:46 IST" duration-ms="2352" status="PASS">
          <reporter-output>
          </reporter-output>
        </test-method> <!-- ZaHomeTestMethod -->
      </class> <!-- com.Levi.Test.ZaHomeTest -->
      <class name="com.Levi.Test.LaunchBrowser">
        <test-method is-config="true" signature="launchBrowser()[pri:0, instance:com.Levi.Test.LaunchBrowser@20ce78ec]" started-at="2021-08-25T12:34:35 IST" name="launchBrowser" finished-at="2021-08-25T12:34:36 IST" duration-ms="1486" status="PASS">
          <reporter-output>
          </reporter-output>
        </test-method> <!-- launchBrowser -->
        <test-method signature="launchBrowserTest()[pri:0, instance:com.Levi.Test.LaunchBrowser@20ce78ec]" started-at="2021-08-25T12:34:37 IST" name="launchBrowserTest" finished-at="2021-08-25T12:34:39 IST" duration-ms="2314" status="PASS">
          <reporter-output>
          </reporter-output>
        </test-method> <!-- launchBrowserTest -->
      </class> <!-- com.Levi.Test.LaunchBrowser -->
      <class name="com.Levi.Test.LocationSelection">
        <test-method signature="selectLocation()[pri:0, instance:com.Levi.Test.LocationSelection@6973b51b]" started-at="2021-08-25T12:34:39 IST" name="selectLocation" finished-at="2021-08-25T12:34:43 IST" duration-ms="4475" status="PASS">
          <reporter-output>
          </reporter-output>
        </test-method> <!-- selectLocation -->
      </class> <!-- com.Levi.Test.LocationSelection -->
    </test> <!-- Launch Browser Test -->
  </suite> <!-- Levi Suite -->
</testng-results>
