<?xml version="1.0" encoding="UTF-8"?>
<!-- Generated by org.testng.reporters.JUnitXMLReporter -->
<testsuite ignored="0" hostname="DESKTOP-UVQNT7S" failures="0" tests="3" name="Default test" time="34.182" errors="0" timestamp="2021-09-14T13:19:54 IST">
  <testcase classname="com.Levi.Test.KidsTestData" name="newTest" time="21.971"/>
  <testcase classname="com.Levi.Test.KidsTestData" name="newTest" time="6.12"/>
  <testcase classname="com.Levi.Test.KidsTestData" name="newTest" time="5.953"/>
</testsuite> <!-- Default test -->
